<?xml version="1.0" encoding="UTF-8"?>
<!-- Generated by org.testng.reporters.JUnitXMLReporter -->
<testsuite hostname="DESKTOP-2TR3QCD" ignored="0" name="OrangeHRM app test" tests="14" failures="0" timestamp="12 Apr 2019 15:14:09 GMT" time="278.02" errors="0">
  <testcase name="VerifyDashBoardPageTitleTest" time="0.037" classname="Com.OrangeHRM.Testcases.DashBoardPage_Test"/>
  <testcase name="veryfyAdminPageTest" time="0.082" classname="Com.OrangeHRM.Testcases.AdminPageTest"/>
  <testcase name="loginPageTitle" time="0.014" classname="Com.OrangeHRM.Testcases.LoginPageTest"/>
  <testcase name="ClickOnAdminLinkTest" time="1.891" classname="Com.OrangeHRM.Testcases.DashBoardPage_Test"/>
  <testcase name="EnteruserName" time="0.181" classname="Com.OrangeHRM.Testcases.AdminPageTest"/>
  <testcase name="loginTest" time="2.421" classname="Com.OrangeHRM.Testcases.LoginPageTest"/>
  <testcase name="ClickOnPIMLinkTest" time="4.85" classname="Com.OrangeHRM.Testcases.DashBoardPage_Test"/>
  <testcase name="SelectRoleofuser" time="0.438" classname="Com.OrangeHRM.Testcases.AdminPageTest"/>
  <testcase name="ClickOnLeaveLinkTest" time="5.234" classname="Com.OrangeHRM.Testcases.DashBoardPage_Test"/>
  <testcase name="EnterEmployeename" time="1.104" classname="Com.OrangeHRM.Testcases.AdminPageTest"/>
  <testcase name="validatenewUser" time="2.197" classname="Com.OrangeHRM.Testcases.AdminPageTest"/>
  <testcase name="validatenewUser" time="3.12" classname="Com.OrangeHRM.Testcases.AdminPageTest"/>
  <testcase name="validatenewUser" time="3.288" classname="Com.OrangeHRM.Testcases.AdminPageTest"/>
  <testcase name="validatenewUser" time="3.279" classname="Com.OrangeHRM.Testcases.AdminPageTest"/>
</testsuite> <!-- OrangeHRM app test -->
