<?xml version="1.0" encoding="UTF-8"?>
<!-- Generated by org.testng.reporters.JUnitXMLReporter -->
<testsuite hostname="DESKTOP-2TR3QCD" ignored="0" name="FreeCRM app test" tests="10" failures="0" timestamp="11 Apr 2019 18:35:22 GMT" time="157.811" errors="0">
  <testcase name="VerifyDashBoardPageTitleTest" time="0.028" classname="Com.OrangeHRM.Testcases.DashBoardPage_Test"/>
  <testcase name="veryfyAdminPageTest" time="0.076" classname="Com.OrangeHRM.Testcases.AdminPageTest"/>
  <testcase name="loginPageTitle" time="0.02" classname="Com.OrangeHRM.Testcases.LoginPageTest"/>
  <testcase name="ClickOnAdminLinkTest" time="2.004" classname="Com.OrangeHRM.Testcases.DashBoardPage_Test"/>
  <testcase name="EnteruserName" time="0.148" classname="Com.OrangeHRM.Testcases.AdminPageTest"/>
  <testcase name="loginTest" time="3.959" classname="Com.OrangeHRM.Testcases.LoginPageTest"/>
  <testcase name="ClickOnPIMLinkTest" time="1.586" classname="Com.OrangeHRM.Testcases.DashBoardPage_Test"/>
  <testcase name="SelectRoleofuser" time="0.252" classname="Com.OrangeHRM.Testcases.AdminPageTest"/>
  <testcase name="ClickOnLeaveLinkTest" time="5.123" classname="Com.OrangeHRM.Testcases.DashBoardPage_Test"/>
  <testcase name="EnterEmployeename" time="0.422" classname="Com.OrangeHRM.Testcases.AdminPageTest"/>
</testsuite> <!-- FreeCRM app test -->
