<?xml version="1.0" encoding="UTF-8"?>
<!-- Generated by org.testng.reporters.JUnitReportReporter -->
<testsuite skipped="0" hostname="DESKTOP-2TR3QCD" name="Com.OrangeHRM.Testcases.AdminPageTest" tests="8" failures="0" timestamp="12 Apr 2019 15:14:10 GMT" time="166.804" errors="0">
  <testcase name="veryfyAdminPageTest" time="19.092" classname="Com.OrangeHRM.Testcases.AdminPageTest"/>
  <testcase name="EnteruserName" time="19.127" classname="Com.OrangeHRM.Testcases.AdminPageTest"/>
  <testcase name="SelectRoleofuser" time="17.917" classname="Com.OrangeHRM.Testcases.AdminPageTest"/>
  <testcase name="EnterEmployeename" time="17.757" classname="Com.OrangeHRM.Testcases.AdminPageTest"/>
  <testcase name="validatenewUser" time="23.751" classname="Com.OrangeHRM.Testcases.AdminPageTest"/>
  <testcase name="validatenewUser" time="23.475" classname="Com.OrangeHRM.Testcases.AdminPageTest"/>
  <testcase name="validatenewUser" time="24.265" classname="Com.OrangeHRM.Testcases.AdminPageTest"/>
  <testcase name="validatenewUser" time="21.420" classname="Com.OrangeHRM.Testcases.AdminPageTest"/>
</testsuite> <!-- Com.OrangeHRM.Testcases.AdminPageTest -->
