<?xml version="1.0" encoding="UTF-8"?>
<!-- Generated by org.testng.reporters.JUnitReportReporter -->
<testsuite skipped="0" hostname="DESKTOP-2TR3QCD" name="Com.OrangeHRM.Testcases.DashBoardPage_Test" tests="4" failures="0" timestamp="12 Apr 2019 15:14:10 GMT" time="81.994" errors="0">
  <testcase name="VerifyDashBoardPageTitleTest" time="26.014" classname="Com.OrangeHRM.Testcases.DashBoardPage_Test"/>
  <testcase name="ClickOnAdminLinkTest" time="17.623" classname="Com.OrangeHRM.Testcases.DashBoardPage_Test"/>
  <testcase name="ClickOnPIMLinkTest" time="18.348" classname="Com.OrangeHRM.Testcases.DashBoardPage_Test"/>
  <testcase name="ClickOnLeaveLinkTest" time="20.009" classname="Com.OrangeHRM.Testcases.DashBoardPage_Test"/>
</testsuite> <!-- Com.OrangeHRM.Testcases.DashBoardPage_Test -->
