<?xml version="1.0" encoding="UTF-8"?>
<!-- Generated by org.testng.reporters.JUnitReportReporter -->
<testsuite skipped="0" hostname="DESKTOP-2TR3QCD" name="Com.OrangeHRM.Testcases.LoginPageTest" tests="2" failures="0" timestamp="12 Apr 2019 15:14:10 GMT" time="27.263" errors="0">
  <testcase name="loginPageTitle" time="11.118" classname="Com.OrangeHRM.Testcases.LoginPageTest"/>
  <testcase name="loginTest" time="16.145" classname="Com.OrangeHRM.Testcases.LoginPageTest"/>
</testsuite> <!-- Com.OrangeHRM.Testcases.LoginPageTest -->
